#
# There is insufficient memory for the Java Runtime Environment to continue.
# Native memory allocation (malloc) failed to allocate 173776 bytes. Error detail: Chunk::new
# Possible reasons:
#   The system is out of physical RAM or swap space
#   This process is running with CompressedOops enabled, and the Java Heap may be blocking the growth of the native heap
# Possible solutions:
#   Reduce memory load on the system
#   Increase physical memory or swap space
#   Check if swap backing store is full
#   Decrease Java heap size (-Xmx/-Xms)
#   Decrease number of Java threads
#   Decrease Java thread stack sizes (-Xss)
#   Set larger code cache with -XX:ReservedCodeCacheSize=
#   JVM is running with Unscaled Compressed Oops mode in which the Java heap is
#     placed in the first 4GB address space. The Java Heap base address is the
#     maximum limit for the native heap growth. Please use -XX:HeapBaseMinAddress
#     to set the Java Heap base and to place the Java Heap above 4GB virtual address.
# This output file may be truncated or incomplete.
#
#  Out of Memory Error (arena.cpp:168), pid=2468, tid=21604
#
# JRE version: OpenJDK Runtime Environment Temurin-21.0.10+7 (21.0.10+7) (build 21.0.10+7-LTS)
# Java VM: OpenJDK 64-Bit Server VM Temurin-21.0.10+7 (21.0.10+7-LTS, mixed mode, sharing, tiered, compressed oops, compressed class ptrs, g1 gc, windows-amd64)
# No core dump will be written. Minidumps are not enabled by default on client versions of Windows
#

---------------  S U M M A R Y ------------

Command Line: --module-path=C:\Users\NBODT\Downloads\JavaFX\lib --add-modules=javafx.controls,javafx.fxml -Dfile.encoding=UTF-8 -Dstdout.encoding=UTF-8 -Dstderr.encoding=UTF-8 -XX:+ShowCodeDetailsInExceptionMessages bookstore.ui.MainApp

Host: AMD Ryzen 5 7530U with Radeon Graphics         , 12 cores, 5G,  Windows 11 , 64 bit Build 26100 (10.0.26100.7623)
Time: Tue Mar 17 04:43:14 2026 SE Asia Standard Time elapsed time: 8.525509 seconds (0d 0h 0m 8s)

---------------  T H R E A D  ---------------

Current thread (0x000002db41dc0770):  JavaThread "C2 CompilerThread0" daemon [_thread_in_native, id=21604, stack(0x000000e14fc00000,0x000000e14fd00000) (1024K)]


Current CompileTask:
C2:8525  789       4       java.util.HashSet::add (20 bytes)

Stack: [0x000000e14fc00000,0x000000e14fd00000]
Native frames: (J=compiled Java code, j=interpreted, Vv=VM code, C=native code)
V  [jvm.dll+0x6d7a39]
V  [jvm.dll+0x8b4b26]
V  [jvm.dll+0x8b70de]
V  [jvm.dll+0x8b77c3]
V  [jvm.dll+0x284346]
V  [jvm.dll+0xc66ed]
V  [jvm.dll+0xc6c31]
V  [jvm.dll+0x3bec01]
V  [jvm.dll+0x1e3d62]
V  [jvm.dll+0x24c6b3]
V  [jvm.dll+0x24bb40]
V  [jvm.dll+0x1cb34e]
V  [jvm.dll+0x25b85d]
V  [jvm.dll+0x259dea]
V  [jvm.dll+0x3f857e]
V  [jvm.dll+0x85f59d]
V  [jvm.dll+0x6d626d]
C  [ucrtbase.dll+0x37b0]
C  [KERNEL32.DLL+0x2e8d7]
C  [ntdll.dll+0x8c53c]


---------------  P R O C E S S  ---------------

Threads class SMR info:
_java_thread_list=0x000002db874d8230, length=16, elements={
0x000002db2a5116b0, 0x000002db41d83020, 0x000002db41d83a80, 0x000002db41d8fca0,
0x000002db41db2330, 0x000002db41db2e30, 0x000002db41db4310, 0x000002db41dc0770,
0x000002db41dc0f50, 0x000002db870d6ea0, 0x000002db870d7bc0, 0x000002db870d88e0,
0x000002db870d8250, 0x000002db870d8f70, 0x000002db870d9600, 0x000002db870d6180
}

Java Threads: ( => current thread )
  0x000002db2a5116b0 JavaThread "main"                              [_thread_blocked, id=23860, stack(0x000000e14ee00000,0x000000e14ef00000) (1024K)]
  0x000002db41d83020 JavaThread "Reference Handler"          daemon [_thread_blocked, id=20804, stack(0x000000e14f600000,0x000000e14f700000) (1024K)]
  0x000002db41d83a80 JavaThread "Finalizer"                  daemon [_thread_blocked, id=9088, stack(0x000000e14f700000,0x000000e14f800000) (1024K)]
  0x000002db41d8fca0 JavaThread "Signal Dispatcher"          daemon [_thread_blocked, id=6056, stack(0x000000e14f800000,0x000000e14f900000) (1024K)]
  0x000002db41db2330 JavaThread "Attach Listener"            daemon [_thread_blocked, id=6364, stack(0x000000e14f900000,0x000000e14fa00000) (1024K)]
  0x000002db41db2e30 JavaThread "Service Thread"             daemon [_thread_blocked, id=18628, stack(0x000000e14fa00000,0x000000e14fb00000) (1024K)]
  0x000002db41db4310 JavaThread "Monitor Deflation Thread"   daemon [_thread_blocked, id=12384, stack(0x000000e14fb00000,0x000000e14fc00000) (1024K)]
=>0x000002db41dc0770 JavaThread "C2 CompilerThread0"         daemon [_thread_in_native, id=21604, stack(0x000000e14fc00000,0x000000e14fd00000) (1024K)]
  0x000002db41dc0f50 JavaThread "C1 CompilerThread0"         daemon [_thread_blocked, id=14592, stack(0x000000e14fd00000,0x000000e14fe00000) (1024K)]
  0x000002db870d6ea0 JavaThread "Common-Cleaner"             daemon [_thread_blocked, id=3260, stack(0x000000e14fe00000,0x000000e14ff00000) (1024K)]
  0x000002db870d7bc0 JavaThread "Notification Thread"        daemon [_thread_blocked, id=4252, stack(0x000000e14ff00000,0x000000e150000000) (1024K)]
  0x000002db870d88e0 JavaThread "QuantumRenderer-0"          daemon [_thread_blocked, id=16532, stack(0x000000e150000000,0x000000e150100000) (1024K)]
  0x000002db870d8250 JavaThread "InvokeLaterDispatcher"      daemon [_thread_blocked, id=22348, stack(0x000000e150300000,0x000000e150400000) (1024K)]
  0x000002db870d8f70 JavaThread "JavaFX Application Thread"         [_thread_in_vm, id=10952, stack(0x000000e150400000,0x000000e150500000) (1024K)]
  0x000002db870d9600 JavaThread "JavaFX-Launcher"                   [_thread_blocked, id=25216, stack(0x000000e150600000,0x000000e150700000) (1024K)]
  0x000002db870d6180 JavaThread "Thread-2"                   daemon [_thread_in_native, id=11748, stack(0x000000e150500000,0x000000e150600000) (1024K)]
Total: 16

Other Threads:
  0x000002db41d62820 VMThread "VM Thread"                           [id=18196, stack(0x000000e14f500000,0x000000e14f600000) (1024K)]
  0x000002db41d50b90 WatcherThread "VM Periodic Task Thread"        [id=24068, stack(0x000000e14f400000,0x000000e14f500000) (1024K)]
  0x000002db2a551430 WorkerThread "GC Thread#0"                     [id=6708, stack(0x000000e14ef00000,0x000000e14f000000) (1024K)]
  0x000002db872c7e00 WorkerThread "GC Thread#1"                     [id=25552, stack(0x000000e150900000,0x000000e150a00000) (1024K)]
  0x000002db872dad20 WorkerThread "GC Thread#2"                     [id=9460, stack(0x000000e150a00000,0x000000e150b00000) (1024K)]
  0x000002db872db0d0 WorkerThread "GC Thread#3"                     [id=5936, stack(0x000000e150b00000,0x000000e150c00000) (1024K)]
  0x000002db872db480 WorkerThread "GC Thread#4"                     [id=24416, stack(0x000000e150c00000,0x000000e150d00000) (1024K)]
  0x000002db872db830 WorkerThread "GC Thread#5"                     [id=18044, stack(0x000000e150d00000,0x000000e150e00000) (1024K)]
  0x000002db2a55f580 ConcurrentGCThread "G1 Main Marker"            [id=3808, stack(0x000000e14f000000,0x000000e14f100000) (1024K)]
  0x000002db2a560090 WorkerThread "G1 Conc#0"                       [id=24960, stack(0x000000e14f100000,0x000000e14f200000) (1024K)]
  0x000002db2a5be6a0 ConcurrentGCThread "G1 Refine#0"               [id=7584, stack(0x000000e14f200000,0x000000e14f300000) (1024K)]
  0x000002db41c22260 ConcurrentGCThread "G1 Service"                [id=6372, stack(0x000000e14f300000,0x000000e14f400000) (1024K)]
Total: 12

Threads with active compile tasks:
C2 CompilerThread0  9662  789       4       java.util.HashSet::add (20 bytes)
C1 CompilerThread0  9662  894   !   3       java.util.concurrent.ConcurrentHashMap::replaceNode (437 bytes)
Total: 2

VM state: not at safepoint (normal execution)

VM Mutex/Monitor currently owned by a thread: None

Heap address: 0x00000000a2600000, size: 1498 MB, Compressed Oops mode: 32-bit

CDS archive(s) mapped at: [0x000002db42000000-0x000002db42c80000-0x000002db42c80000), size 13107200, SharedBaseAddress: 0x000002db42000000, ArchiveRelocationMode: 1.
Compressed class space mapped at: 0x000002db43000000-0x000002db83000000, reserved size: 1073741824
Narrow klass base: 0x000002db42000000, Narrow klass shift: 0, Narrow klass range: 0x100000000

GC Precious Log:
 CardTable entry size: 512
 Card Set container configuration: InlinePtr #cards 5 size 8 Array Of Cards #cards 12 size 40 Howl #buckets 4 coarsen threshold 1843 Howl Bitmap #cards 512 size 80 coarsen threshold 460 Card regions per heap region 1 cards per card region 2048
 CPUs: 12 total, 12 available
 Memory: 5985M
 Large Page Support: Disabled
 NUMA Support: Disabled
 Compressed Oops: Enabled (32-bit)
 Heap Region Size: 1M
 Heap Min Capacity: 8M
 Heap Initial Capacity: 94M
 Heap Max Capacity: 1498M
 Pre-touch: Disabled
 Parallel Workers: 10
 Concurrent Workers: 3
 Concurrent Refinement Workers: 10
 Periodic GC: Disabled

Heap:
 garbage-first heap   total 96256K, used 2154K [0x00000000a2600000, 0x0000000100000000)
  region size 1024K, 4 young (4096K), 3 survivors (3072K)
 Metaspace       used 4719K, committed 4928K, reserved 1114112K
  class space    used 627K, committed 704K, reserved 1048576K

Heap Regions: E=young(eden), S=young(survivor), O=old, HS=humongous(starts), HC=humongous(continues), CS=collection set, F=free, TAMS=top-at-mark-start, PB=parsable bottom
|   0|0x00000000a2600000, 0x00000000a2600000, 0x00000000a2700000|  0%| F|  |TAMS 0x00000000a2600000| PB 0x00000000a2600000| Untracked 
|   1|0x00000000a2700000, 0x00000000a2700000, 0x00000000a2800000|  0%| F|  |TAMS 0x00000000a2700000| PB 0x00000000a2700000| Untracked 
|   2|0x00000000a2800000, 0x00000000a2800000, 0x00000000a2900000|  0%| F|  |TAMS 0x00000000a2800000| PB 0x00000000a2800000| Untracked 
|   3|0x00000000a2900000, 0x00000000a2900000, 0x00000000a2a00000|  0%| F|  |TAMS 0x00000000a2900000| PB 0x00000000a2900000| Untracked 
|   4|0x00000000a2a00000, 0x00000000a2a00000, 0x00000000a2b00000|  0%| F|  |TAMS 0x00000000a2a00000| PB 0x00000000a2a00000| Untracked 
|   5|0x00000000a2b00000, 0x00000000a2b00000, 0x00000000a2c00000|  0%| F|  |TAMS 0x00000000a2b00000| PB 0x00000000a2b00000| Untracked 
|   6|0x00000000a2c00000, 0x00000000a2c00000, 0x00000000a2d00000|  0%| F|  |TAMS 0x00000000a2c00000| PB 0x00000000a2c00000| Untracked 
|   7|0x00000000a2d00000, 0x00000000a2d00000, 0x00000000a2e00000|  0%| F|  |TAMS 0x00000000a2d00000| PB 0x00000000a2d00000| Untracked 
|   8|0x00000000a2e00000, 0x00000000a2e00000, 0x00000000a2f00000|  0%| F|  |TAMS 0x00000000a2e00000| PB 0x00000000a2e00000| Untracked 
|   9|0x00000000a2f00000, 0x00000000a2f00000, 0x00000000a3000000|  0%| F|  |TAMS 0x00000000a2f00000| PB 0x00000000a2f00000| Untracked 
|  10|0x00000000a3000000, 0x00000000a3000000, 0x00000000a3100000|  0%| F|  |TAMS 0x00000000a3000000| PB 0x00000000a3000000| Untracked 
|  11|0x00000000a3100000, 0x00000000a3100000, 0x00000000a3200000|  0%| F|  |TAMS 0x00000000a3100000| PB 0x00000000a3100000| Untracked 
|  12|0x00000000a3200000, 0x00000000a3200000, 0x00000000a3300000|  0%| F|  |TAMS 0x00000000a3200000| PB 0x00000000a3200000| Untracked 
|  13|0x00000000a3300000, 0x00000000a3300000, 0x00000000a3400000|  0%| F|  |TAMS 0x00000000a3300000| PB 0x00000000a3300000| Untracked 
|  14|0x00000000a3400000, 0x00000000a3400000, 0x00000000a3500000|  0%| F|  |TAMS 0x00000000a3400000| PB 0x00000000a3400000| Untracked 
|  15|0x00000000a3500000, 0x00000000a3500000, 0x00000000a3600000|  0%| F|  |TAMS 0x00000000a3500000| PB 0x00000000a3500000| Untracked 
|  16|0x00000000a3600000, 0x00000000a3600000, 0x00000000a3700000|  0%| F|  |TAMS 0x00000000a3600000| PB 0x00000000a3600000| Untracked 
|  17|0x00000000a3700000, 0x00000000a3700000, 0x00000000a3800000|  0%| F|  |TAMS 0x00000000a3700000| PB 0x00000000a3700000| Untracked 
|  18|0x00000000a3800000, 0x00000000a3800000, 0x00000000a3900000|  0%| F|  |TAMS 0x00000000a3800000| PB 0x00000000a3800000| Untracked 
|  19|0x00000000a3900000, 0x00000000a3900000, 0x00000000a3a00000|  0%| F|  |TAMS 0x00000000a3900000| PB 0x00000000a3900000| Untracked 
|  20|0x00000000a3a00000, 0x00000000a3a00000, 0x00000000a3b00000|  0%| F|  |TAMS 0x00000000a3a00000| PB 0x00000000a3a00000| Untracked 
|  21|0x00000000a3b00000, 0x00000000a3b00000, 0x00000000a3c00000|  0%| F|  |TAMS 0x00000000a3b00000| PB 0x00000000a3b00000| Untracked 
|  22|0x00000000a3c00000, 0x00000000a3c00000, 0x00000000a3d00000|  0%| F|  |TAMS 0x00000000a3c00000| PB 0x00000000a3c00000| Untracked 
|  23|0x00000000a3d00000, 0x00000000a3d00000, 0x00000000a3e00000|  0%| F|  |TAMS 0x00000000a3d00000| PB 0x00000000a3d00000| Untracked 
|  24|0x00000000a3e00000, 0x00000000a3e00000, 0x00000000a3f00000|  0%| F|  |TAMS 0x00000000a3e00000| PB 0x00000000a3e00000| Untracked 
|  25|0x00000000a3f00000, 0x00000000a3f00000, 0x00000000a4000000|  0%| F|  |TAMS 0x00000000a3f00000| PB 0x00000000a3f00000| Untracked 
|  26|0x00000000a4000000, 0x00000000a4000000, 0x00000000a4100000|  0%| F|  |TAMS 0x00000000a4000000| PB 0x00000000a4000000| Untracked 
|  27|0x00000000a4100000, 0x00000000a4100000, 0x00000000a4200000|  0%| F|  |TAMS 0x00000000a4100000| PB 0x00000000a4100000| Untracked 
|  28|0x00000000a4200000, 0x00000000a4200000, 0x00000000a4300000|  0%| F|  |TAMS 0x00000000a4200000| PB 0x00000000a4200000| Untracked 
|  29|0x00000000a4300000, 0x00000000a4300000, 0x00000000a4400000|  0%| F|  |TAMS 0x00000000a4300000| PB 0x00000000a4300000| Untracked 
|  30|0x00000000a4400000, 0x00000000a4400000, 0x00000000a4500000|  0%| F|  |TAMS 0x00000000a4400000| PB 0x00000000a4400000| Untracked 
|  31|0x00000000a4500000, 0x00000000a4500000, 0x00000000a4600000|  0%| F|  |TAMS 0x00000000a4500000| PB 0x00000000a4500000| Untracked 
|  32|0x00000000a4600000, 0x00000000a4600000, 0x00000000a4700000|  0%| F|  |TAMS 0x00000000a4600000| PB 0x00000000a4600000| Untracked 
|  33|0x00000000a4700000, 0x00000000a4700000, 0x00000000a4800000|  0%| F|  |TAMS 0x00000000a4700000| PB 0x00000000a4700000| Untracked 
|  34|0x00000000a4800000, 0x00000000a4800000, 0x00000000a4900000|  0%| F|  |TAMS 0x00000000a4800000| PB 0x00000000a4800000| Untracked 
|  35|0x00000000a4900000, 0x00000000a4900000, 0x00000000a4a00000|  0%| F|  |TAMS 0x00000000a4900000| PB 0x00000000a4900000| Untracked 
|  36|0x00000000a4a00000, 0x00000000a4a00000, 0x00000000a4b00000|  0%| F|  |TAMS 0x00000000a4a00000| PB 0x00000000a4a00000| Untracked 
|  37|0x00000000a4b00000, 0x00000000a4b00000, 0x00000000a4c00000|  0%| F|  |TAMS 0x00000000a4b00000| PB 0x00000000a4b00000| Untracked 
|  38|0x00000000a4c00000, 0x00000000a4c00000, 0x00000000a4d00000|  0%| F|  |TAMS 0x00000000a4c00000| PB 0x00000000a4c00000| Untracked 
|  39|0x00000000a4d00000, 0x00000000a4d00000, 0x00000000a4e00000|  0%| F|  |TAMS 0x00000000a4d00000| PB 0x00000000a4d00000| Untracked 
|  40|0x00000000a4e00000, 0x00000000a4e00000, 0x00000000a4f00000|  0%| F|  |TAMS 0x00000000a4e00000| PB 0x00000000a4e00000| Untracked 
|  41|0x00000000a4f00000, 0x00000000a4f00000, 0x00000000a5000000|  0%| F|  |TAMS 0x00000000a4f00000| PB 0x00000000a4f00000| Untracked 
|  42|0x00000000a5000000, 0x00000000a5000000, 0x00000000a5100000|  0%| F|  |TAMS 0x00000000a5000000| PB 0x00000000a5000000| Untracked 
|  43|0x00000000a5100000, 0x00000000a5100000, 0x00000000a5200000|  0%| F|  |TAMS 0x00000000a5100000| PB 0x00000000a5100000| Untracked 
|  44|0x00000000a5200000, 0x00000000a5200000, 0x00000000a5300000|  0%| F|  |TAMS 0x00000000a5200000| PB 0x00000000a5200000| Untracked 
|  45|0x00000000a5300000, 0x00000000a5300000, 0x00000000a5400000|  0%| F|  |TAMS 0x00000000a5300000| PB 0x00000000a5300000| Untracked 
|  46|0x00000000a5400000, 0x00000000a5400000, 0x00000000a5500000|  0%| F|  |TAMS 0x00000000a5400000| PB 0x00000000a5400000| Untracked 
|  47|0x00000000a5500000, 0x00000000a5500000, 0x00000000a5600000|  0%| F|  |TAMS 0x00000000a5500000| PB 0x00000000a5500000| Untracked 
|  48|0x00000000a5600000, 0x00000000a5600000, 0x00000000a5700000|  0%| F|  |TAMS 0x00000000a5600000| PB 0x00000000a5600000| Untracked 
|  49|0x00000000a5700000, 0x00000000a5700000, 0x00000000a5800000|  0%| F|  |TAMS 0x00000000a5700000| PB 0x00000000a5700000| Untracked 
|  50|0x00000000a5800000, 0x00000000a5800000, 0x00000000a5900000|  0%| F|  |TAMS 0x00000000a5800000| PB 0x00000000a5800000| Untracked 
|  51|0x00000000a5900000, 0x00000000a5900000, 0x00000000a5a00000|  0%| F|  |TAMS 0x00000000a5900000| PB 0x00000000a5900000| Untracked 
|  52|0x00000000a5a00000, 0x00000000a5a00000, 0x00000000a5b00000|  0%| F|  |TAMS 0x00000000a5a00000| PB 0x00000000a5a00000| Untracked 
|  53|0x00000000a5b00000, 0x00000000a5b00000, 0x00000000a5c00000|  0%| F|  |TAMS 0x00000000a5b00000| PB 0x00000000a5b00000| Untracked 
|  54|0x00000000a5c00000, 0x00000000a5c00000, 0x00000000a5d00000|  0%| F|  |TAMS 0x00000000a5c00000| PB 0x00000000a5c00000| Untracked 
|  55|0x00000000a5d00000, 0x00000000a5d00000, 0x00000000a5e00000|  0%| F|  |TAMS 0x00000000a5d00000| PB 0x00000000a5d00000| Untracked 
|  56|0x00000000a5e00000, 0x00000000a5e00000, 0x00000000a5f00000|  0%| F|  |TAMS 0x00000000a5e00000| PB 0x00000000a5e00000| Untracked 
|  57|0x00000000a5f00000, 0x00000000a5f00000, 0x00000000a6000000|  0%| F|  |TAMS 0x00000000a5f00000| PB 0x00000000a5f00000| Untracked 
|  58|0x00000000a6000000, 0x00000000a6000000, 0x00000000a6100000|  0%| F|  |TAMS 0x00000000a6000000| PB 0x00000000a6000000| Untracked 
|  59|0x00000000a6100000, 0x00000000a6100000, 0x00000000a6200000|  0%| F|  |TAMS 0x00000000a6100000| PB 0x00000000a6100000| Untracked 
|  60|0x00000000a6200000, 0x00000000a6200000, 0x00000000a6300000|  0%| F|  |TAMS 0x00000000a6200000| PB 0x00000000a6200000| Untracked 
|  61|0x00000000a6300000, 0x00000000a6300000, 0x00000000a6400000|  0%| F|  |TAMS 0x00000000a6300000| PB 0x00000000a6300000| Untracked 
|  62|0x00000000a6400000, 0x00000000a6400000, 0x00000000a6500000|  0%| F|  |TAMS 0x00000000a6400000| PB 0x00000000a6400000| Untracked 
|  63|0x00000000a6500000, 0x00000000a6500000, 0x00000000a6600000|  0%| F|  |TAMS 0x00000000a6500000| PB 0x00000000a6500000| Untracked 
|  64|0x00000000a6600000, 0x00000000a6600000, 0x00000000a6700000|  0%| F|  |TAMS 0x00000000a6600000| PB 0x00000000a6600000| Untracked 
|  65|0x00000000a6700000, 0x00000000a6700000, 0x00000000a6800000|  0%| F|  |TAMS 0x00000000a6700000| PB 0x00000000a6700000| Untracked 
|  66|0x00000000a6800000, 0x00000000a6800000, 0x00000000a6900000|  0%| F|  |TAMS 0x00000000a6800000| PB 0x00000000a6800000| Untracked 
|  67|0x00000000a6900000, 0x00000000a6900000, 0x00000000a6a00000|  0%| F|  |TAMS 0x00000000a6900000| PB 0x00000000a6900000| Untracked 
|  68|0x00000000a6a00000, 0x00000000a6a1aaa0, 0x00000000a6b00000| 10%| S|CS|TAMS 0x00000000a6a00000| PB 0x00000000a6a00000| Complete 
|  69|0x00000000a6b00000, 0x00000000a6c00000, 0x00000000a6c00000|100%| S|CS|TAMS 0x00000000a6b00000| PB 0x00000000a6b00000| Complete 
|  70|0x00000000a6c00000, 0x00000000a6d00000, 0x00000000a6d00000|100%| S|CS|TAMS 0x00000000a6c00000| PB 0x00000000a6c00000| Complete 
|  71|0x00000000a6d00000, 0x00000000a6d00000, 0x00000000a6e00000|  0%| F|  |TAMS 0x00000000a6d00000| PB 0x00000000a6d00000| Untracked 
|  72|0x00000000a6e00000, 0x00000000a6e00000, 0x00000000a6f00000|  0%| F|  |TAMS 0x00000000a6e00000| PB 0x00000000a6e00000| Untracked 
|  73|0x00000000a6f00000, 0x00000000a6f00000, 0x00000000a7000000|  0%| F|  |TAMS 0x00000000a6f00000| PB 0x00000000a6f00000| Untracked 
|  74|0x00000000a7000000, 0x00000000a7000000, 0x00000000a7100000|  0%| F|  |TAMS 0x00000000a7000000| PB 0x00000000a7000000| Untracked 
|  75|0x00000000a7100000, 0x00000000a7100000, 0x00000000a7200000|  0%| F|  |TAMS 0x00000000a7100000| PB 0x00000000a7100000| Untracked 
|  76|0x00000000a7200000, 0x00000000a7200000, 0x00000000a7300000|  0%| F|  |TAMS 0x00000000a7200000| PB 0x00000000a7200000| Untracked 
|  77|0x00000000a7300000, 0x00000000a7300000, 0x00000000a7400000|  0%| F|  |TAMS 0x00000000a7300000| PB 0x00000000a7300000| Untracked 
|  78|0x00000000a7400000, 0x00000000a7400000, 0x00000000a7500000|  0%| F|  |TAMS 0x00000000a7400000| PB 0x00000000a7400000| Untracked 
|  79|0x00000000a7500000, 0x00000000a7500000, 0x00000000a7600000|  0%| F|  |TAMS 0x00000000a7500000| PB 0x00000000a7500000| Untracked 
|  80|0x00000000a7600000, 0x00000000a7600000, 0x00000000a7700000|  0%| F|  |TAMS 0x00000000a7600000| PB 0x00000000a7600000| Untracked 
|  81|0x00000000a7700000, 0x00000000a7700000, 0x00000000a7800000|  0%| F|  |TAMS 0x00000000a7700000| PB 0x00000000a7700000| Untracked 
|  82|0x00000000a7800000, 0x00000000a7800000, 0x00000000a7900000|  0%| F|  |TAMS 0x00000000a7800000| PB 0x00000000a7800000| Untracked 
|  83|0x00000000a7900000, 0x00000000a7900000, 0x00000000a7a00000|  0%| F|  |TAMS 0x00000000a7900000| PB 0x00000000a7900000| Untracked 
|  84|0x00000000a7a00000, 0x00000000a7a00000, 0x00000000a7b00000|  0%| F|  |TAMS 0x00000000a7a00000| PB 0x00000000a7a00000| Untracked 
|  85|0x00000000a7b00000, 0x00000000a7b00000, 0x00000000a7c00000|  0%| F|  |TAMS 0x00000000a7b00000| PB 0x00000000a7b00000| Untracked 
|  86|0x00000000a7c00000, 0x00000000a7c00000, 0x00000000a7d00000|  0%| F|  |TAMS 0x00000000a7c00000| PB 0x00000000a7c00000| Untracked 
|  87|0x00000000a7d00000, 0x00000000a7d00000, 0x00000000a7e00000|  0%| F|  |TAMS 0x00000000a7d00000| PB 0x00000000a7d00000| Untracked 
|  88|0x00000000a7e00000, 0x00000000a7e00000, 0x00000000a7f00000|  0%| F|  |TAMS 0x00000000a7e00000| PB 0x00000000a7e00000| Untracked 
|  89|0x00000000a7f00000, 0x00000000a7f00000, 0x00000000a8000000|  0%| F|  |TAMS 0x00000000a7f00000| PB 0x00000000a7f00000| Untracked 
|  90|0x00000000a8000000, 0x00000000a8000000, 0x00000000a8100000|  0%| F|  |TAMS 0x00000000a8000000| PB 0x00000000a8000000| Untracked 
|  91|0x00000000a8100000, 0x00000000a8100000, 0x00000000a8200000|  0%| F|  |TAMS 0x00000000a8100000| PB 0x00000000a8100000| Untracked 
|  92|0x00000000a8200000, 0x00000000a8200000, 0x00000000a8300000|  0%| F|  |TAMS 0x00000000a8200000| PB 0x00000000a8200000| Untracked 
|  93|0x00000000a8300000, 0x00000000a83bf258, 0x00000000a8400000| 74%| E|  |TAMS 0x00000000a8300000| PB 0x00000000a8300000| Complete 

Card table byte_map: [0x000002db3d6f0000,0x000002db3d9e0000] _byte_map_base: 0x000002db3d1dd000

Marking Bits: (CMBitMap*) 0x000002db2a551b40
 Bits: [0x000002db3d9e0000, 0x000002db3f148000)

Polling page: 0x000002db28320000

Metaspace:

Usage:
  Non-class:      4.03 MB used.
      Class:    630.25 KB used.
       Both:      4.65 MB used.

Virtual space:
  Non-class space:       64.00 MB reserved,       4.12 MB (  6%) committed,  1 nodes.
      Class space:        1.00 GB reserved,     704.00 KB ( <1%) committed,  1 nodes.
             Both:        1.06 GB reserved,       4.81 MB ( <1%) committed. 

Chunk freelists:
   Non-Class:  9.25 MB
       Class:  15.20 MB
        Both:  24.45 MB

MaxMetaspaceSize: unlimited
CompressedClassSpaceSize: 1.00 GB
Initial GC threshold: 21.00 MB
Current GC threshold: 21.00 MB
CDS: on
 - commit_granule_bytes: 65536.
 - commit_granule_words: 8192.
 - virtual_space_node_default_size: 8388608.
 - enlarge_chunks_in_place: 1.
 - use_allocation_guard: 0.


Internal statistics:

num_allocs_failed_limit: 0.
num_arena_births: 118.
num_arena_deaths: 0.
num_vsnodes_births: 2.
num_vsnodes_deaths: 0.
num_space_committed: 77.
num_space_uncommitted: 0.
num_chunks_returned_to_freelist: 0.
num_chunks_taken_from_freelist: 272.
num_chunk_merges: 0.
num_chunk_splits: 186.
num_chunks_enlarged: 130.
num_inconsistent_stats: 0.

CodeHeap 'non-profiled nmethods': size=120000Kb used=274Kb max_used=274Kb free=119726Kb
 bounds [0x000002db35980000, 0x000002db35bf0000, 0x000002db3ceb0000]
CodeHeap 'profiled nmethods': size=120000Kb used=1351Kb max_used=1351Kb free=118648Kb
 bounds [0x000002db2deb0000, 0x000002db2e120000, 0x000002db353e0000]
CodeHeap 'non-nmethods': size=5760Kb used=1339Kb max_used=1339Kb free=4420Kb
 bounds [0x000002db353e0000, 0x000002db35650000, 0x000002db35980000]
CodeCache: size=245760Kb, used=2964Kb, max_used=2964Kb, free=242794Kb
 total_blobs=1391, nmethods=888, adapters=408, full_count=0
Compilation: enabled, stopped_count=0, restarted_count=0

Compilation events (20 events):
Event: 4.515 Thread 0x000002db41dc0f50  803       3       java.nio.ByteBuffer::<init> (47 bytes)
Event: 4.515 Thread 0x000002db41dc0f50 nmethod 803 0x000002db2dfc7d90 code [0x000002db2dfc7f40, 0x000002db2dfc8160]
Event: 4.516 Thread 0x000002db41dc0f50  804       3       java.nio.ByteBuffer::limit (8 bytes)
Event: 4.516 Thread 0x000002db41dc0f50 nmethod 804 0x000002db2dfc8290 code [0x000002db2dfc8440, 0x000002db2dfc8590]
Event: 4.516 Thread 0x000002db41dc0f50  805       3       java.util.jar.JarFile::getJarEntry (9 bytes)
Event: 4.516 Thread 0x000002db41dc0f50 nmethod 805 0x000002db2dfc8610 code [0x000002db2dfc8800, 0x000002db2dfc8cd0]
Event: 4.516 Thread 0x000002db41dc0f50  806       3       java.util.jar.JarFile::getEntry (35 bytes)
Event: 4.517 Thread 0x000002db41dc0f50 nmethod 806 0x000002db2dfc8e10 code [0x000002db2dfc9020, 0x000002db2dfc94a8]
Event: 4.517 Thread 0x000002db41dc0f50  807       3       java.util.concurrent.locks.AbstractQueuedSynchronizer::releaseShared (19 bytes)
Event: 4.517 Thread 0x000002db41dc0f50 nmethod 807 0x000002db2dfc9610 code [0x000002db2dfc9820, 0x000002db2dfc9e38]
Event: 4.517 Thread 0x000002db41dc0f50  808  s    3       java.util.jar.JarFile::getInputStream (88 bytes)
Event: 4.518 Thread 0x000002db41dc0f50 nmethod 808 0x000002db2dfca010 code [0x000002db2dfca280, 0x000002db2dfcaa58]
Event: 5.011 Thread 0x000002db41dc0f50  809       1       com.sun.javafx.tk.quantum.QuantumToolkit$PulseTask::get (5 bytes)
Event: 5.012 Thread 0x000002db41dc0f50 nmethod 809 0x000002db359c2090 code [0x000002db359c2220, 0x000002db359c22f0]
Event: 6.372 Thread 0x000002db41dc0f50  810       3       java.util.concurrent.atomic.AtomicBoolean::get (13 bytes)
Event: 6.521 Thread 0x000002db41dc0f50 nmethod 810 0x000002db2dfcac90 code [0x000002db2dfcae20, 0x000002db2dfcaf80]
Event: 6.522 Thread 0x000002db41dc0f50  811       3       java.nio.ByteBuffer::limit (6 bytes)
Event: 6.522 Thread 0x000002db41dc0f50 nmethod 811 0x000002db2dfcb010 code [0x000002db2dfcb1c0, 0x000002db2dfcb388]
Event: 6.522 Thread 0x000002db41dc0f50  812       3       java.nio.ByteBuffer::position (6 bytes)
Event: 6.522 Thread 0x000002db41dc0f50 nmethod 812 0x000002db2dfcb410 code [0x000002db2dfcb5c0, 0x000002db2dfcb788]

GC Heap History (0 events):
No events

Dll operation events (20 events):
Event: 0.686 Loaded shared library C:\Users\NBODT\Downloads\JavaFX\bin\api-ms-win-crt-filesystem-l1-1-0.dll
Event: 0.688 Loaded shared library C:\Users\NBODT\Downloads\JavaFX\bin\api-ms-win-crt-heap-l1-1-0.dll
Event: 0.692 Loaded shared library C:\Users\NBODT\Downloads\JavaFX\bin\api-ms-win-crt-locale-l1-1-0.dll
Event: 0.695 Loaded shared library C:\Users\NBODT\Downloads\JavaFX\bin\api-ms-win-crt-math-l1-1-0.dll
Event: 0.698 Loaded shared library C:\Users\NBODT\Downloads\JavaFX\bin\api-ms-win-crt-multibyte-l1-1-0.dll
Event: 0.701 Loaded shared library C:\Users\NBODT\Downloads\JavaFX\bin\api-ms-win-crt-private-l1-1-0.dll
Event: 0.705 Loaded shared library C:\Users\NBODT\Downloads\JavaFX\bin\api-ms-win-crt-process-l1-1-0.dll
Event: 0.708 Loaded shared library C:\Users\NBODT\Downloads\JavaFX\bin\api-ms-win-crt-runtime-l1-1-0.dll
Event: 0.711 Loaded shared library C:\Users\NBODT\Downloads\JavaFX\bin\api-ms-win-crt-stdio-l1-1-0.dll
Event: 0.715 Loaded shared library C:\Users\NBODT\Downloads\JavaFX\bin\api-ms-win-crt-string-l1-1-0.dll
Event: 0.717 Loaded shared library C:\Users\NBODT\Downloads\JavaFX\bin\api-ms-win-crt-time-l1-1-0.dll
Event: 0.721 Loaded shared library C:\Users\NBODT\Downloads\JavaFX\bin\api-ms-win-crt-utility-l1-1-0.dll
Event: 0.730 Loaded shared library C:\Users\NBODT\Downloads\JavaFX\bin\ucrtbase.dll
Event: 0.736 Loaded shared library C:\Users\NBODT\Downloads\JavaFX\bin\vcruntime140.dll
Event: 0.739 Loaded shared library C:\Users\NBODT\Downloads\JavaFX\bin\vcruntime140_1.dll
Event: 0.745 Loaded shared library C:\Users\NBODT\Downloads\JavaFX\bin\msvcp140.dll
Event: 0.750 Loaded shared library C:\Users\NBODT\Downloads\JavaFX\bin\msvcp140_1.dll
Event: 0.757 Loaded shared library C:\Users\NBODT\Downloads\JavaFX\bin\msvcp140_2.dll
Event: 0.842 Loaded shared library C:\Users\NBODT\Downloads\JavaFX\bin\prism_d3d.dll
Event: 1.132 Loaded shared library C:\Users\NBODT\Downloads\JavaFX\bin\glass.dll

Deoptimization events (20 events):
Event: 0.548 Thread 0x000002db2a5116b0 Uncommon trap: trap_request=0xffffff45 fr.pc=0x000002db3599d260 relative=0x0000000000000600
Event: 0.548 Thread 0x000002db2a5116b0 Uncommon trap: reason=unstable_if action=reinterpret pc=0x000002db3599d260 method=java.lang.StringLatin1.newString([BII)Ljava/lang/String; @ 1 c2
Event: 0.549 Thread 0x000002db2a5116b0 DEOPT PACKING pc=0x000002db3599d260 sp=0x000000e14eefe380
Event: 0.549 Thread 0x000002db2a5116b0 DEOPT UNPACKING pc=0x000002db35434422 sp=0x000000e14eefe2e0 mode 2
Event: 1.106 Thread 0x000002db2a5116b0 Uncommon trap: trap_request=0xffffffc6 fr.pc=0x000002db359a014c relative=0x0000000000000bcc
Event: 1.106 Thread 0x000002db2a5116b0 Uncommon trap: reason=bimorphic_or_optimized_type_check action=maybe_recompile pc=0x000002db359a014c method=java.util.HashMap.putVal(ILjava/lang/Object;Ljava/lang/Object;ZZ)Ljava/lang/Object; @ 56 c2
Event: 1.106 Thread 0x000002db2a5116b0 DEOPT PACKING pc=0x000002db359a014c sp=0x000000e14eefd730
Event: 1.106 Thread 0x000002db2a5116b0 DEOPT UNPACKING pc=0x000002db35434422 sp=0x000000e14eefd6b8 mode 2
Event: 1.106 Thread 0x000002db2a5116b0 Uncommon trap: trap_request=0xffffffc6 fr.pc=0x000002db359a014c relative=0x0000000000000bcc
Event: 1.106 Thread 0x000002db2a5116b0 Uncommon trap: reason=bimorphic_or_optimized_type_check action=maybe_recompile pc=0x000002db359a014c method=java.util.HashMap.putVal(ILjava/lang/Object;Ljava/lang/Object;ZZ)Ljava/lang/Object; @ 56 c2
Event: 1.106 Thread 0x000002db2a5116b0 DEOPT PACKING pc=0x000002db359a014c sp=0x000000e14eefd730
Event: 1.106 Thread 0x000002db2a5116b0 DEOPT UNPACKING pc=0x000002db35434422 sp=0x000000e14eefd6b8 mode 2
Event: 1.106 Thread 0x000002db2a5116b0 Uncommon trap: trap_request=0xffffffc6 fr.pc=0x000002db359a014c relative=0x0000000000000bcc
Event: 1.106 Thread 0x000002db2a5116b0 Uncommon trap: reason=bimorphic_or_optimized_type_check action=maybe_recompile pc=0x000002db359a014c method=java.util.HashMap.putVal(ILjava/lang/Object;Ljava/lang/Object;ZZ)Ljava/lang/Object; @ 56 c2
Event: 1.106 Thread 0x000002db2a5116b0 DEOPT PACKING pc=0x000002db359a014c sp=0x000000e14eefd730
Event: 1.106 Thread 0x000002db2a5116b0 DEOPT UNPACKING pc=0x000002db35434422 sp=0x000000e14eefd6b8 mode 2
Event: 1.106 Thread 0x000002db2a5116b0 Uncommon trap: trap_request=0xffffffc6 fr.pc=0x000002db359a014c relative=0x0000000000000bcc
Event: 1.106 Thread 0x000002db2a5116b0 Uncommon trap: reason=bimorphic_or_optimized_type_check action=maybe_recompile pc=0x000002db359a014c method=java.util.HashMap.putVal(ILjava/lang/Object;Ljava/lang/Object;ZZ)Ljava/lang/Object; @ 56 c2
Event: 1.106 Thread 0x000002db2a5116b0 DEOPT PACKING pc=0x000002db359a014c sp=0x000000e14eefd730
Event: 1.106 Thread 0x000002db2a5116b0 DEOPT UNPACKING pc=0x000002db35434422 sp=0x000000e14eefd6b8 mode 2

Classes loaded (20 events):
Event: 1.171 Loading class java/util/concurrent/CancellationException
Event: 1.171 Loading class java/util/concurrent/CancellationException done
Event: 1.171 Loading class java/util/concurrent/ExecutionException
Event: 1.171 Loading class java/util/concurrent/ExecutionException done
Event: 1.171 Loading class java/util/concurrent/FutureTask$WaitNode
Event: 1.171 Loading class java/util/concurrent/FutureTask$WaitNode done
Event: 1.172 Loading class java/util/concurrent/Executors$RunnableAdapter
Event: 1.172 Loading class java/util/concurrent/Executors$RunnableAdapter done
Event: 4.479 Loading class java/lang/IndexOutOfBoundsException
Event: 4.479 Loading class java/lang/IndexOutOfBoundsException done
Event: 4.481 Loading class java/util/NoSuchElementException
Event: 4.482 Loading class java/util/NoSuchElementException done
Event: 4.494 Loading class java/util/AbstractList$Itr
Event: 4.494 Loading class java/util/AbstractList$Itr done
Event: 4.495 Loading class java/lang/NumberFormatException
Event: 4.496 Loading class java/lang/NumberFormatException done
Event: 4.497 Loading class java/util/concurrent/LinkedBlockingDeque$Node
Event: 4.497 Loading class java/util/concurrent/LinkedBlockingDeque$Node done
Event: 4.506 Loading class java/lang/StackTraceElement$HashedModules
Event: 4.506 Loading class java/lang/StackTraceElement$HashedModules done

Classes unloaded (0 events):
No events

Classes redefined (0 events):
No events

Internal exceptions (13 events):
Event: 0.286 Thread 0x000002db2a5116b0 Exception <a 'sun/nio/fs/WindowsException'{0x00000000a82baad8}> (0x00000000a82baad8) 
thrown [s\src\hotspot\share\prims\jni.cpp, line 520]
Event: 0.481 Thread 0x000002db2a5116b0 Exception <a 'java/lang/NoSuchMethodError'{0x00000000a7cc8a00}: 'void java.lang.invoke.DirectMethodHandle$Holder.invokeStatic(java.lang.Object, java.lang.Object, java.lang.Object, java.lang.Object)'> (0x00000000a7cc8a00) 
thrown [s\src\hotspot\share\interpreter\linkResolver.cpp, line 773]
Event: 0.482 Thread 0x000002db2a5116b0 Exception <a 'java/lang/NoSuchMethodError'{0x00000000a7ccc7e8}: 'void java.lang.invoke.DirectMethodHandle$Holder.invokeSpecial(java.lang.Object, java.lang.Object, java.lang.Object, java.lang.Object, java.lang.Object)'> (0x00000000a7ccc7e8) 
thrown [s\src\hotspot\share\interpreter\linkResolver.cpp, line 773]
Event: 0.490 Thread 0x000002db2a5116b0 Exception <a 'java/lang/NoSuchMethodError'{0x00000000a7ce4180}: 'java.lang.Object java.lang.invoke.Invokers$Holder.invokeExact_MT(java.lang.Object, java.lang.Object, java.lang.Object, java.lang.Object, java.lang.Object, java.lang.Object)'> (0x00000000a7ce4180) 
thrown [s\src\hotspot\share\interpreter\linkResolver.cpp, line 773]
Event: 0.492 Thread 0x000002db2a5116b0 Exception <a 'java/lang/NoSuchMethodError'{0x00000000a7ce8e18}: 'void java.lang.invoke.DirectMethodHandle$Holder.invokeStatic(java.lang.Object, java.lang.Object)'> (0x00000000a7ce8e18) 
thrown [s\src\hotspot\share\interpreter\linkResolver.cpp, line 773]
Event: 0.794 Thread 0x000002db2a5116b0 Exception <a 'java/lang/NoSuchMethodError'{0x00000000a78b3fe0}: 'void java.lang.invoke.DirectMethodHandle$Holder.invokeSpecial(java.lang.Object, java.lang.Object, java.lang.Object)'> (0x00000000a78b3fe0) 
thrown [s\src\hotspot\share\interpreter\linkResolver.cpp, line 773]
Event: 0.809 Thread 0x000002db2a5116b0 Exception <a 'java/lang/NoSuchMethodError'{0x00000000a78f03f0}: 'void java.lang.invoke.DirectMethodHandle$Holder.invokeStatic(java.lang.Object, java.lang.Object, java.lang.Object)'> (0x00000000a78f03f0) 
thrown [s\src\hotspot\share\interpreter\linkResolver.cpp, line 773]
Event: 1.089 Thread 0x000002db2a5116b0 Exception <a 'java/lang/NoSuchMethodError'{0x00000000a7794d60}: 'int java.lang.invoke.DirectMethodHandle$Holder.invokeStaticInit(java.lang.Object, java.lang.Object, java.lang.Object)'> (0x00000000a7794d60) 
thrown [s\src\hotspot\share\interpreter\linkResolver.cpp, line 773]
Event: 1.142 Thread 0x000002db2a5116b0 Exception <a 'java/lang/NoSuchMethodError'{0x00000000a766eb68}: 'java.lang.Object java.lang.invoke.DirectMethodHandle$Holder.newInvokeSpecial(java.lang.Object, java.lang.Object, int, java.lang.Object)'> (0x00000000a766eb68) 
thrown [s\src\hotspot\share\interpreter\linkResolver.cpp, line 773]
Event: 1.142 Thread 0x000002db2a5116b0 Exception <a 'java/lang/NoSuchMethodError'{0x00000000a7672d70}: 'java.lang.Object java.lang.invoke.DirectMethodHandle$Holder.invokeSpecial(java.lang.Object, java.lang.Object, java.lang.Object, int, java.lang.Object)'> (0x00000000a7672d70) 
thrown [s\src\hotspot\share\interpreter\linkResolver.cpp, line 773]
Event: 4.490 Thread 0x000002db870d8f70 Exception <a 'java/lang/NoSuchMethodError'{0x00000000a7443a08}: 'void java.lang.invoke.DirectMethodHandle$Holder.invokeStaticInit(java.lang.Object)'> (0x00000000a7443a08) 
thrown [s\src\hotspot\share\interpreter\linkResolver.cpp, line 773]
Event: 4.496 Thread 0x000002db2a5116b0 Exception <a 'java/lang/NoSuchMethodError'{0x00000000a76fc2b0}: 'java.lang.Object java.lang.invoke.DirectMethodHandle$Holder.newInvokeSpecial(java.lang.Object, java.lang.Object, java.lang.Object, java.lang.Object, java.lang.Object, java.lang.Object)'> (0x00000000a76fc2b0) 
thrown [s\src\hotspot\share\interpreter\linkResolver.cpp, line 773]
Event: 4.507 Thread 0x000002db2a5116b0 Exception <a 'java/lang/NoSuchMethodError'{0x00000000a74b0160}: 'java.lang.Object java.lang.invoke.DirectMethodHandle$Holder.newInvokeSpecial(java.lang.Object, java.lang.Object, java.lang.Object, java.lang.Object, java.lang.Object)'> (0x00000000a74b0160) 
thrown [s\src\hotspot\share\interpreter\linkResolver.cpp, line 773]

ZGC Phase Switch (0 events):
No events

VM Operations (10 events):
Event: 0.299 Executing non-safepoint VM operation: HandshakeAllThreads (Deoptimize)
Event: 0.299 Executing non-safepoint VM operation: HandshakeAllThreads (Deoptimize) done
Event: 0.428 Executing non-safepoint VM operation: HandshakeAllThreads (Deoptimize)
Event: 0.429 Executing non-safepoint VM operation: HandshakeAllThreads (Deoptimize) done
Event: 1.106 Executing non-safepoint VM operation: HandshakeAllThreads (Deoptimize)
Event: 1.106 Executing non-safepoint VM operation: HandshakeAllThreads (Deoptimize) done
Event: 2.120 Executing safepoint VM operation: Cleanup
Event: 2.120 Executing safepoint VM operation: Cleanup done
Event: 5.156 Executing safepoint VM operation: Cleanup
Event: 5.156 Executing safepoint VM operation: Cleanup done

Memory protections (0 events):
No events

Nmethod flushes (0 events):
No events

Events (16 events):
Event: 0.116 Thread 0x000002db2a5116b0 Thread added: 0x000002db2a5116b0
Event: 0.218 Thread 0x000002db2a5116b0 Thread added: 0x000002db41d83020
Event: 0.218 Thread 0x000002db2a5116b0 Thread added: 0x000002db41d83a80
Event: 0.218 Thread 0x000002db2a5116b0 Thread added: 0x000002db41d8fca0
Event: 0.218 Thread 0x000002db2a5116b0 Thread added: 0x000002db41db2330
Event: 0.218 Thread 0x000002db2a5116b0 Thread added: 0x000002db41db2e30
Event: 0.218 Thread 0x000002db2a5116b0 Thread added: 0x000002db41db4310
Event: 0.219 Thread 0x000002db2a5116b0 Thread added: 0x000002db41dc0770
Event: 0.219 Thread 0x000002db2a5116b0 Thread added: 0x000002db41dc0f50
Event: 0.263 Thread 0x000002db2a5116b0 Thread added: 0x000002db870d6ea0
Event: 0.453 Thread 0x000002db2a5116b0 Thread added: 0x000002db870d7bc0
Event: 0.810 Thread 0x000002db2a5116b0 Thread added: 0x000002db870d88e0
Event: 1.137 Thread 0x000002db2a5116b0 Thread added: 0x000002db870d8250
Event: 1.145 Thread 0x000002db2a5116b0 Thread added: 0x000002db870d8f70
Event: 4.508 Thread 0x000002db2a5116b0 Thread added: 0x000002db870d9600
Event: 4.515 Thread 0x000002db870d6180 Thread added: 0x000002db870d6180


Dynamic libraries:
0x00007ff6e7620000 - 0x00007ff6e762e000 	C:\Users\NBODT\.p2\pool\plugins\org.eclipse.justj.openjdk.hotspot.jre.full.win32.x86_64_21.0.10.v20260205-0638\jre\bin\javaw.exe
0x00007ffcfa3a0000 - 0x00007ffcfa607000 	C:\WINDOWS\SYSTEM32\ntdll.dll
0x00007ffcf8520000 - 0x00007ffcf85e9000 	C:\WINDOWS\System32\KERNEL32.DLL
0x00007ffcf7950000 - 0x00007ffcf7d3f000 	C:\WINDOWS\System32\KERNELBASE.dll
0x00007ffcf44f0000 - 0x00007ffcf458f000 	C:\WINDOWS\SYSTEM32\apphelp.dll
0x00007ffcf7e00000 - 0x00007ffcf7f4b000 	C:\WINDOWS\System32\ucrtbase.dll
0x00007ffcf44d0000 - 0x00007ffcf44e8000 	C:\Users\NBODT\.p2\pool\plugins\org.eclipse.justj.openjdk.hotspot.jre.full.win32.x86_64_21.0.10.v20260205-0638\jre\bin\jli.dll
0x00007ffceb240000 - 0x00007ffceb25e000 	C:\Users\NBODT\.p2\pool\plugins\org.eclipse.justj.openjdk.hotspot.jre.full.win32.x86_64_21.0.10.v20260205-0638\jre\bin\VCRUNTIME140.dll
0x00007ffcf9860000 - 0x00007ffcf9a25000 	C:\WINDOWS\System32\USER32.dll
0x00007ffce4190000 - 0x00007ffce4423000 	C:\WINDOWS\WinSxS\amd64_microsoft.windows.common-controls_6595b64144ccf1df_6.0.26100.7309_none_3e05feeae336a044\COMCTL32.dll
0x00007ffcf7f50000 - 0x00007ffcf7f77000 	C:\WINDOWS\System32\win32u.dll
0x00007ffcfa2b0000 - 0x00007ffcfa359000 	C:\WINDOWS\System32\msvcrt.dll
0x00007ffcf9cf0000 - 0x00007ffcf9d1b000 	C:\WINDOWS\System32\GDI32.dll
0x00007ffcf8010000 - 0x00007ffcf813c000 	C:\WINDOWS\System32\gdi32full.dll
0x00007ffcf7d50000 - 0x00007ffcf7df3000 	C:\WINDOWS\System32\msvcp_win.dll
0x00007ffcfa1b0000 - 0x00007ffcfa1e1000 	C:\WINDOWS\System32\IMM32.DLL
0x00007ffceb230000 - 0x00007ffceb23c000 	C:\Users\NBODT\.p2\pool\plugins\org.eclipse.justj.openjdk.hotspot.jre.full.win32.x86_64_21.0.10.v20260205-0638\jre\bin\vcruntime140_1.dll
0x00007ffcbec20000 - 0x00007ffcbecad000 	C:\Users\NBODT\.p2\pool\plugins\org.eclipse.justj.openjdk.hotspot.jre.full.win32.x86_64_21.0.10.v20260205-0638\jre\bin\msvcp140.dll
0x00007ffc8aef0000 - 0x00007ffc8bc91000 	C:\Users\NBODT\.p2\pool\plugins\org.eclipse.justj.openjdk.hotspot.jre.full.win32.x86_64_21.0.10.v20260205-0638\jre\bin\server\jvm.dll
0x00007ffcfa1f0000 - 0x00007ffcfa2a4000 	C:\WINDOWS\System32\ADVAPI32.dll
0x00007ffcf8470000 - 0x00007ffcf8516000 	C:\WINDOWS\System32\sechost.dll
0x00007ffcf8e30000 - 0x00007ffcf8f48000 	C:\WINDOWS\System32\RPCRT4.dll
0x00007ffcf8db0000 - 0x00007ffcf8e24000 	C:\WINDOWS\System32\WS2_32.dll
0x00007ffcf7350000 - 0x00007ffcf73ae000 	C:\WINDOWS\SYSTEM32\POWRPROF.dll
0x00007ffcef870000 - 0x00007ffcef87b000 	C:\WINDOWS\SYSTEM32\VERSION.dll
0x00007ffcf1ff0000 - 0x00007ffcf2025000 	C:\WINDOWS\SYSTEM32\WINMM.dll
0x00007ffcf7330000 - 0x00007ffcf7344000 	C:\WINDOWS\SYSTEM32\UMPDC.dll
0x00007ffcf6230000 - 0x00007ffcf624b000 	C:\WINDOWS\SYSTEM32\kernel.appcore.dll
0x00007ffcf2670000 - 0x00007ffcf267a000 	C:\Users\NBODT\.p2\pool\plugins\org.eclipse.justj.openjdk.hotspot.jre.full.win32.x86_64_21.0.10.v20260205-0638\jre\bin\jimage.dll
0x00007ffcf1d60000 - 0x00007ffcf1fa2000 	C:\WINDOWS\SYSTEM32\DBGHELP.DLL
0x00007ffcf8700000 - 0x00007ffcf8a86000 	C:\WINDOWS\System32\combase.dll
0x00007ffcf8f50000 - 0x00007ffcf9026000 	C:\WINDOWS\System32\OLEAUT32.dll
0x00007ffcf1fb0000 - 0x00007ffcf1fec000 	C:\WINDOWS\SYSTEM32\dbgcore.DLL
0x00007ffcf78a0000 - 0x00007ffcf7945000 	C:\WINDOWS\System32\bcryptPrimitives.dll
0x00007ffcf2450000 - 0x00007ffcf2470000 	C:\Users\NBODT\.p2\pool\plugins\org.eclipse.justj.openjdk.hotspot.jre.full.win32.x86_64_21.0.10.v20260205-0638\jre\bin\java.dll
0x00007ffcf90a0000 - 0x00007ffcf97f3000 	C:\WINDOWS\System32\SHELL32.dll
0x00007ffcf7670000 - 0x00007ffcf77da000 	C:\WINDOWS\System32\wintypes.dll
0x00007ffcf5080000 - 0x00007ffcf58de000 	C:\WINDOWS\SYSTEM32\windows.storage.dll
0x00007ffcf8cb0000 - 0x00007ffcf8da5000 	C:\WINDOWS\System32\SHCORE.dll
0x00007ffcf9030000 - 0x00007ffcf9096000 	C:\WINDOWS\System32\shlwapi.dll
0x00007ffcf7410000 - 0x00007ffcf7439000 	C:\WINDOWS\SYSTEM32\profapi.dll
0x00007ffceff20000 - 0x00007ffceff38000 	C:\Users\NBODT\.p2\pool\plugins\org.eclipse.justj.openjdk.hotspot.jre.full.win32.x86_64_21.0.10.v20260205-0638\jre\bin\zip.dll
0x00007ffcf2660000 - 0x00007ffcf2670000 	C:\Users\NBODT\.p2\pool\plugins\org.eclipse.justj.openjdk.hotspot.jre.full.win32.x86_64_21.0.10.v20260205-0638\jre\bin\net.dll
0x00007ffcf05d0000 - 0x00007ffcf06f8000 	C:\WINDOWS\SYSTEM32\WINHTTP.dll
0x00007ffcf6780000 - 0x00007ffcf67eb000 	C:\WINDOWS\system32\mswsock.dll
0x00007ffced3e0000 - 0x00007ffced3f6000 	C:\Users\NBODT\.p2\pool\plugins\org.eclipse.justj.openjdk.hotspot.jre.full.win32.x86_64_21.0.10.v20260205-0638\jre\bin\nio.dll
0x000002db2a3f0000 - 0x000002db2a3f3000 	C:\Users\NBODT\Downloads\JavaFX\bin\api-ms-win-core-console-l1-1-0.dll
0x000002db2a400000 - 0x000002db2a403000 	C:\Users\NBODT\Downloads\JavaFX\bin\api-ms-win-core-console-l1-2-0.dll
0x000002db2a410000 - 0x000002db2a413000 	C:\Users\NBODT\Downloads\JavaFX\bin\api-ms-win-core-datetime-l1-1-0.dll
0x000002db2a420000 - 0x000002db2a423000 	C:\Users\NBODT\Downloads\JavaFX\bin\api-ms-win-core-debug-l1-1-0.dll
0x000002db2a430000 - 0x000002db2a433000 	C:\Users\NBODT\Downloads\JavaFX\bin\api-ms-win-core-errorhandling-l1-1-0.dll
0x000002db2a440000 - 0x000002db2a444000 	C:\Users\NBODT\Downloads\JavaFX\bin\api-ms-win-core-file-l1-1-0.dll
0x000002db2a450000 - 0x000002db2a453000 	C:\Users\NBODT\Downloads\JavaFX\bin\api-ms-win-core-file-l1-2-0.dll
0x000002db2a460000 - 0x000002db2a463000 	C:\Users\NBODT\Downloads\JavaFX\bin\api-ms-win-core-file-l2-1-0.dll
0x000002db2a470000 - 0x000002db2a473000 	C:\Users\NBODT\Downloads\JavaFX\bin\api-ms-win-core-handle-l1-1-0.dll
0x000002db2a480000 - 0x000002db2a483000 	C:\Users\NBODT\Downloads\JavaFX\bin\api-ms-win-core-heap-l1-1-0.dll
0x000002db2a490000 - 0x000002db2a493000 	C:\Users\NBODT\Downloads\JavaFX\bin\api-ms-win-core-interlocked-l1-1-0.dll
0x000002db2a4a0000 - 0x000002db2a4a3000 	C:\Users\NBODT\Downloads\JavaFX\bin\api-ms-win-core-libraryloader-l1-1-0.dll
0x000002db2a4b0000 - 0x000002db2a4b3000 	C:\Users\NBODT\Downloads\JavaFX\bin\api-ms-win-core-localization-l1-2-0.dll
0x000002db41df0000 - 0x000002db41df3000 	C:\Users\NBODT\Downloads\JavaFX\bin\api-ms-win-core-memory-l1-1-0.dll
0x000002db41e00000 - 0x000002db41e03000 	C:\Users\NBODT\Downloads\JavaFX\bin\api-ms-win-core-namedpipe-l1-1-0.dll
0x000002db41e10000 - 0x000002db41e13000 	C:\Users\NBODT\Downloads\JavaFX\bin\api-ms-win-core-processenvironment-l1-1-0.dll
0x000002db41e20000 - 0x000002db41e23000 	C:\Users\NBODT\Downloads\JavaFX\bin\api-ms-win-core-processthreads-l1-1-0.dll
0x000002db41e30000 - 0x000002db41e33000 	C:\Users\NBODT\Downloads\JavaFX\bin\api-ms-win-core-processthreads-l1-1-1.dll
0x000002db41e40000 - 0x000002db41e43000 	C:\Users\NBODT\Downloads\JavaFX\bin\api-ms-win-core-profile-l1-1-0.dll
0x000002db41e50000 - 0x000002db41e53000 	C:\Users\NBODT\Downloads\JavaFX\bin\api-ms-win-core-rtlsupport-l1-1-0.dll
0x000002db41e60000 - 0x000002db41e63000 	C:\Users\NBODT\Downloads\JavaFX\bin\api-ms-win-core-string-l1-1-0.dll
0x000002db41e70000 - 0x000002db41e73000 	C:\Users\NBODT\Downloads\JavaFX\bin\api-ms-win-core-synch-l1-1-0.dll
0x000002db41e80000 - 0x000002db41e83000 	C:\Users\NBODT\Downloads\JavaFX\bin\api-ms-win-core-synch-l1-2-0.dll
0x000002db41e90000 - 0x000002db41e93000 	C:\Users\NBODT\Downloads\JavaFX\bin\api-ms-win-core-sysinfo-l1-1-0.dll
0x000002db41ea0000 - 0x000002db41ea3000 	C:\Users\NBODT\Downloads\JavaFX\bin\api-ms-win-core-timezone-l1-1-0.dll
0x000002db41eb0000 - 0x000002db41eb3000 	C:\Users\NBODT\Downloads\JavaFX\bin\api-ms-win-core-util-l1-1-0.dll
0x000002db41ec0000 - 0x000002db41ec3000 	C:\Users\NBODT\Downloads\JavaFX\bin\api-ms-win-crt-conio-l1-1-0.dll
0x000002db41ed0000 - 0x000002db41ed4000 	C:\Users\NBODT\Downloads\JavaFX\bin\api-ms-win-crt-convert-l1-1-0.dll
0x000002db41ee0000 - 0x000002db41ee3000 	C:\Users\NBODT\Downloads\JavaFX\bin\api-ms-win-crt-environment-l1-1-0.dll
0x000002db41ef0000 - 0x000002db41ef3000 	C:\Users\NBODT\Downloads\JavaFX\bin\api-ms-win-crt-filesystem-l1-1-0.dll
0x000002db41f00000 - 0x000002db41f03000 	C:\Users\NBODT\Downloads\JavaFX\bin\api-ms-win-crt-heap-l1-1-0.dll
0x000002db41f10000 - 0x000002db41f13000 	C:\Users\NBODT\Downloads\JavaFX\bin\api-ms-win-crt-locale-l1-1-0.dll
0x000002db41f20000 - 0x000002db41f25000 	C:\Users\NBODT\Downloads\JavaFX\bin\api-ms-win-crt-math-l1-1-0.dll
0x000002db41f30000 - 0x000002db41f35000 	C:\Users\NBODT\Downloads\JavaFX\bin\api-ms-win-crt-multibyte-l1-1-0.dll
0x000002db41f40000 - 0x000002db41f50000 	C:\Users\NBODT\Downloads\JavaFX\bin\api-ms-win-crt-private-l1-1-0.dll
0x000002db41f50000 - 0x000002db41f53000 	C:\Users\NBODT\Downloads\JavaFX\bin\api-ms-win-crt-process-l1-1-0.dll
0x000002db41f60000 - 0x000002db41f64000 	C:\Users\NBODT\Downloads\JavaFX\bin\api-ms-win-crt-runtime-l1-1-0.dll
0x000002db41f70000 - 0x000002db41f74000 	C:\Users\NBODT\Downloads\JavaFX\bin\api-ms-win-crt-stdio-l1-1-0.dll
0x000002db41f80000 - 0x000002db41f84000 	C:\Users\NBODT\Downloads\JavaFX\bin\api-ms-win-crt-string-l1-1-0.dll
0x000002db41f90000 - 0x000002db41f93000 	C:\Users\NBODT\Downloads\JavaFX\bin\api-ms-win-crt-time-l1-1-0.dll
0x000002db41fa0000 - 0x000002db41fa3000 	C:\Users\NBODT\Downloads\JavaFX\bin\api-ms-win-crt-utility-l1-1-0.dll
0x00007ffcce7e0000 - 0x00007ffcce8dc000 	C:\Users\NBODT\Downloads\JavaFX\bin\ucrtbase.dll
0x00007ffcf2170000 - 0x00007ffcf218b000 	C:\Users\NBODT\Downloads\JavaFX\bin\vcruntime140.dll
0x00007ffcf4400000 - 0x00007ffcf440c000 	C:\Users\NBODT\Downloads\JavaFX\bin\vcruntime140_1.dll
0x00007ffcce750000 - 0x00007ffcce7de000 	C:\Users\NBODT\Downloads\JavaFX\bin\msvcp140.dll
0x00007ffcf2160000 - 0x00007ffcf2169000 	C:\Users\NBODT\Downloads\JavaFX\bin\msvcp140_1.dll
0x00007ffce8380000 - 0x00007ffce83c1000 	C:\Users\NBODT\Downloads\JavaFX\bin\msvcp140_2.dll
0x00007ffcf20e0000 - 0x00007ffcf2110000 	C:\Users\NBODT\Downloads\JavaFX\bin\prism_d3d.dll
0x00007ffc9b230000 - 0x00007ffc9b3e3000 	C:\WINDOWS\system32\d3d9.dll
0x00007ffcf4960000 - 0x00007ffcf4990000 	C:\WINDOWS\SYSTEM32\dwmapi.dll
0x00007ffcf49a0000 - 0x00007ffcf49e4000 	C:\WINDOWS\SYSTEM32\dxcore.dll
0x00007ffcf46b0000 - 0x00007ffcf475b000 	C:\WINDOWS\system32\uxtheme.dll
0x00007ffcef9f0000 - 0x00007ffcefbab000 	C:\WINDOWS\System32\DriverStore\FileRepository\u0420777.inf_amd64_76a50269dc523b9b\B406011\aticfx64.dll
0x00007ffcce8e0000 - 0x00007ffcce914000 	C:\WINDOWS\System32\DriverStore\FileRepository\u0420777.inf_amd64_76a50269dc523b9b\B406011\atiu9p64.dll
0x00007ffc8f650000 - 0x00007ffc90397000 	C:\WINDOWS\System32\DriverStore\FileRepository\u0420777.inf_amd64_76a50269dc523b9b\B406011\atiumd64.dll
0x00007ffcf8b10000 - 0x00007ffcf8ca7000 	C:\WINDOWS\System32\ole32.dll
0x0000000057b00000 - 0x0000000058a13000 	C:\WINDOWS\System32\DriverStore\FileRepository\u0420777.inf_amd64_76a50269dc523b9b\B406011\atiumd6a.dll
0x00007ffcf9d20000 - 0x00007ffcfa1aa000 	C:\WINDOWS\System32\SETUPAPI.dll
0x00007ffcecf00000 - 0x00007ffcecf35000 	C:\WINDOWS\SYSTEM32\amdihk64.dll
0x00007ffcf1620000 - 0x00007ffcf1683000 	C:\WINDOWS\SYSTEM32\directxdatabasehelper.dll
0x00007ffce7a00000 - 0x00007ffce7a42000 	C:\Users\NBODT\Downloads\JavaFX\bin\glass.dll
0x00007ffcf8140000 - 0x00007ffcf8230000 	C:\WINDOWS\System32\COMDLG32.dll
0x00007ffcf9a30000 - 0x00007ffcf9b8e000 	C:\WINDOWS\System32\MSCTF.dll

JVMTI agents: none

dbghelp: loaded successfully - version: 4.0.5 - missing functions: none
symbol engine: initialized successfully - sym options: 0x614 - pdb path: .;C:\Users\NBODT\.p2\pool\plugins\org.eclipse.justj.openjdk.hotspot.jre.full.win32.x86_64_21.0.10.v20260205-0638\jre\bin;C:\WINDOWS\SYSTEM32;C:\WINDOWS\WinSxS\amd64_microsoft.windows.common-controls_6595b64144ccf1df_6.0.26100.7309_none_3e05feeae336a044;C:\Users\NBODT\.p2\pool\plugins\org.eclipse.justj.openjdk.hotspot.jre.full.win32.x86_64_21.0.10.v20260205-0638\jre\bin\server;C:\Users\NBODT\Downloads\JavaFX\bin;C:\WINDOWS\System32\DriverStore\FileRepository\u0420777.inf_amd64_76a50269dc523b9b\B406011

VM Arguments:
jvm_args: --module-path=C:\Users\NBODT\Downloads\JavaFX\lib --add-modules=javafx.controls,javafx.fxml -Dfile.encoding=UTF-8 -Dstdout.encoding=UTF-8 -Dstderr.encoding=UTF-8 -XX:+ShowCodeDetailsInExceptionMessages 
java_command: bookstore.ui.MainApp
java_class_path (initial): C:\Users\NBODT\Desktop\PunPun\punpun\target\classes;C:\Users\NBODT\.m2\repository\org\openjfx\javafx-controls\21.0.2\javafx-controls-21.0.2.jar;C:\Users\NBODT\.m2\repository\org\openjfx\javafx-controls\21.0.2\javafx-controls-21.0.2-win.jar;C:\Users\NBODT\.m2\repository\org\openjfx\javafx-graphics\21.0.2\javafx-graphics-21.0.2.jar;C:\Users\NBODT\.m2\repository\org\openjfx\javafx-graphics\21.0.2\javafx-graphics-21.0.2-win.jar;C:\Users\NBODT\.m2\repository\org\openjfx\javafx-base\21.0.2\javafx-base-21.0.2.jar;C:\Users\NBODT\.m2\repository\org\openjfx\javafx-base\21.0.2\javafx-base-21.0.2-win.jar
Launcher Type: SUN_STANDARD

[Global flags]
     intx CICompilerCount                          = 4                                         {product} {ergonomic}
     uint ConcGCThreads                            = 3                                         {product} {ergonomic}
     uint G1ConcRefinementThreads                  = 10                                        {product} {ergonomic}
   size_t G1HeapRegionSize                         = 1048576                                   {product} {ergonomic}
    uintx GCDrainStackTargetSize                   = 64                                        {product} {ergonomic}
   size_t InitialHeapSize                          = 98566144                                  {product} {ergonomic}
   size_t MarkStackSize                            = 4194304                                   {product} {ergonomic}
   size_t MaxHeapSize                              = 1570766848                                {product} {ergonomic}
   size_t MaxNewSize                               = 941621248                                 {product} {ergonomic}
   size_t MinHeapDeltaBytes                        = 1048576                                   {product} {ergonomic}
   size_t MinHeapSize                              = 8388608                                   {product} {ergonomic}
    uintx NonNMethodCodeHeapSize                   = 5839372                                {pd product} {ergonomic}
    uintx NonProfiledCodeHeapSize                  = 122909434                              {pd product} {ergonomic}
    uintx ProfiledCodeHeapSize                     = 122909434                              {pd product} {ergonomic}
    uintx ReservedCodeCacheSize                    = 251658240                              {pd product} {ergonomic}
     bool SegmentedCodeCache                       = true                                      {product} {ergonomic}
     bool ShowCodeDetailsInExceptionMessages       = true                                   {manageable} {command line}
   size_t SoftMaxHeapSize                          = 1570766848                             {manageable} {ergonomic}
     bool UseCompressedOops                        = true                           {product lp64_product} {ergonomic}
     bool UseG1GC                                  = true                                      {product} {ergonomic}
     bool UseLargePagesIndividualAllocation        = false                                  {pd product} {ergonomic}

Logging:
Log output configuration:
 #0: stdout all=warning uptime,level,tags foldmultilines=false
 #1: stderr all=off uptime,level,tags foldmultilines=false

Release file:
JAVA_VERSION="21.0.10" 
MODULES="java.base java.compiler java.datatransfer java.xml java.prefs java.desktop java.instrument java.logging java.management java.security.sasl java.naming java.rmi java.management.rmi java.net.http java.scripting java.security.jgss java.transaction.xa java.sql java.sql.rowset java.xml.crypto java.se java.smartcardio jdk.accessibility jdk.internal.jvmstat jdk.attach jdk.charsets jdk.internal.opt jdk.zipfs jdk.compiler jdk.crypto.ec jdk.crypto.cryptoki jdk.crypto.mscapi jdk.dynalink jdk.internal.ed jdk.editpad jdk.hotspot.agent jdk.httpserver jdk.internal.le jdk.internal.vm.ci jdk.internal.vm.compiler jdk.internal.vm.compiler.management jdk.jartool jdk.javadoc jdk.jcmd jdk.management jdk.management.agent jdk.jconsole jdk.jdeps jdk.jdwp.agent jdk.jdi jdk.jfr jdk.jshell jdk.jsobject jdk.jstatd jdk.localedata jdk.management.jfr jdk.naming.dns jdk.naming.rmi jdk.net jdk.nio.mapmode jdk.random jdk.sctp jdk.security.auth jdk.security.jgss jdk.unsupported jdk.unsupported.desktop jdk.xml.dom" 

Environment Variables:
PATH=C:/Users/NBODT/.p2/pool/plugins/org.eclipse.justj.openjdk.hotspot.jre.full.win32.x86_64_21.0.10.v20260205-0638/jre/bin/server;C:/Users/NBODT/.p2/pool/plugins/org.eclipse.justj.openjdk.hotspot.jre.full.win32.x86_64_21.0.10.v20260205-0638/jre/bin;C:\Users\NBODT\Downloads\JavaFX\javafxSDK\bin;C:\WINDOWS\system32;C:\WINDOWS;C:\WINDOWS\System32\Wbem;C:\WINDOWS\System32\WindowsPowerShell\v1.0\;C:\WINDOWS\System32\OpenSSH\;C:\Users\NBODT\AppData\Local\Microsoft\WindowsApps;D:\Program\vs code\Microsoft VS Code\bin;D:\Program\IntelliJ IDEA 2025.3.3\bin;C:\Users\NBODT\Desktop;
USERNAME=NBODTKKU
OS=Windows_NT
PROCESSOR_IDENTIFIER=AMD64 Family 25 Model 80 Stepping 0, AuthenticAMD
TMP=C:\Users\NBODT\AppData\Local\Temp
TEMP=C:\Users\NBODT\AppData\Local\Temp




Periodic native trim disabled

---------------  S Y S T E M  ---------------

OS:
 Windows 11 , 64 bit Build 26100 (10.0.26100.7623)
OS uptime: 1 days 6:01 hours
Hyper-V role detected

CPU: total 12 (initial active 12) (12 cores per cpu, 2 threads per core) family 25 model 80 stepping 0 microcode 0xa50000f, cx8, cmov, fxsr, ht, mmx, 3dnowpref, sse, sse2, sse3, ssse3, sse4a, sse4.1, sse4.2, popcnt, lzcnt, tsc, tscinvbit, avx, avx2, aes, erms, clmul, bmi1, bmi2, adx, sha, fma, vzeroupper, clflush, clflushopt, hv, rdtscp, rdpid, fsrm, f16c, cet_ss
Processor Information for the first 12 processors :
  Max Mhz: 2000, Current Mhz: 2000, Mhz Limit: 2000

Memory: 4k page, system-wide physical 5985M (48M free)
TotalPageFile size 24417M (AvailPageFile size 18M)
current process WorkingSet (physical memory assigned to process): 85M, peak: 85M
current process commit charge ("private bytes"): 198M, peak: 198M

vm_info: OpenJDK 64-Bit Server VM (21.0.10+7-LTS) for windows-amd64 JRE (21.0.10+7-LTS), built on 2026-01-20T00:00:00Z by "admin" with MS VC++ 17.12 (VS2022)

END.
